[0m[[0m[0mdebug[0m] [0m[0m> Exec(__runWatch console0, Some(0174f4b6-7206-4416-ad26-ceb41d01f6d1), Some(CommandSource(console0)))[0m
[0m[[0m[0mdebug[0m] [0m[0m> Exec(sbtStashOnFailure, None, Some(CommandSource(console0)))[0m
[0m[[0m[0mdebug[0m] [0m[0m> Exec(__preWatch console0, None, Some(CommandSource(console0)))[0m
[0m[[0m[0mdebug[0m] [0m[0m> Exec(testOnly fp2tests, None, Some(CommandSource(console0)))[0m
[0m[[0m[0mdebug[0m] [0m[0mEvaluating tasks: Test / testOnly[0m
[0m[[0m[0mdebug[0m] [0m[0mRunning task... Cancel: Signal, check cycles: false, forcegc: true[0m
[0m[[0m[0minfo[0m] [0m[0mcompiling 1 Scala source to C:\Colg stuffs\Fall 24\PLC\PLS assignments\3\scala-hw\target\scala-3.4.1\classes ...[0m
[0m[[0m[0minfo[0m] [0m[0m[32mfp2tests:[0m[0m
[0m[[0m[0minfo[0m] [0m[0m[32m- EX01 - map[0m[0m
[0m[[0m[0minfo[0m] [0m[0m[32m- EX02 - filter[0m[0m
[0m[[0m[0minfo[0m] [0m[0m[32m- EX03 - append[0m[0m
[0m[[0m[0minfo[0m] [0m[0m[32m- EX04 - flatten[0m[0m
[0m[[0m[0minfo[0m] [0m[0m[32m- EX05 - foldLeft[0m[0m
[0m[[0m[0minfo[0m] [0m[0m[32m- EX06 - foldRight[0m[0m
[0m[[0m[0minfo[0m] [0m[0m[32m- EX07 - joinTerminateRight[0m[0m
[0m[[0m[0minfo[0m] [0m[0m[32m- EX08 - joinTerminateLeft[0m[0m
[0m[[0m[0minfo[0m] [0m[0m[32m- EX09 - firstNumGreaterOrEqual[0m[0m
[0m[[0m[0minfo[0m] [0m[0m[32m- EX10 - firstIndexNumGreaterOrEqual[0m[0m
[0m[[0m[0minfo[0m] [0m[0m[36mRun completed in 167 milliseconds.[0m[0m
[0m[[0m[0minfo[0m] [0m[0m[36mTotal number of tests run: 10[0m[0m
[0m[[0m[0minfo[0m] [0m[0m[36mSuites: completed 1, aborted 0[0m[0m
[0m[[0m[0minfo[0m] [0m[0m[36mTests: succeeded 10, failed 0, canceled 0, ignored 0, pending 0[0m[0m
[0m[[0m[0minfo[0m] [0m[0m[32mAll tests passed.[0m[0m
[0m[[0m[32msuccess[0m] [0m[0mTotal time: 1 s, completed Sep 29, 2024, 10:05:40 AM[0m
[0m[[0m[0mdebug[0m] [0m[0m> Exec(resumeFromFailure, None, Some(CommandSource(console0)))[0m
[0m[[0m[0mdebug[0m] [0m[0m> Exec(sbtPopOnFailure, None, Some(CommandSource(console0)))[0m
[0m[[0m[0mdebug[0m] [0m[0m> Exec(__postWatch console0, None, Some(CommandSource(console0)))[0m
[0m[[0m[0mdebug[0m] [0m[0m> Exec(resumeFromFailure, None, None)[0m
[0m[[0m[0mdebug[0m] [0m[0m> Exec(__waitWatch console0, None, None)[0m
