[0m[[0m[0mdebug[0m] [0m[0m> Exec(testOnly fp1tests, Some(9c54937f-21e7-48ad-8407-fb8ca65be3d5), Some(CommandSource(console0)))[0m
[0m[[0m[0mdebug[0m] [0m[0mEvaluating tasks: Test / testOnly[0m
[0m[[0m[0mdebug[0m] [0m[0mRunning task... Cancel: Signal, check cycles: false, forcegc: true[0m
[0m[[0m[0minfo[0m] [0m[0m[32mfp1tests:[0m[0m
[0m[[0m[0minfo[0m] [0m[0m[32m- EX01 - factTest[0m[0m
[0m[[0m[0minfo[0m] [0m[0m[32m- EX02 - fib[0m[0m
[0m[[0m[0minfo[0m] [0m[0m[32m- EX03 - sum[0m[0m
[0m[[0m[0minfo[0m] [0m[0m[32m- EX04 - sumTail[0m[0m
[0m[[0m[0minfo[0m] [0m[0m[32m- EX05 - maxList[0m[0m
[0m[[0m[0minfo[0m] [0m[0m[32m- EX06 - maxTailAux[0m[0m
[0m[[0m[0minfo[0m] [0m[0m[32m- EX07 - constant5[0m[0m
[0m[[0m[0minfo[0m] [0m[0m[32m- EX08 - constant[0m[0m
[0m[[0m[0minfo[0m] [0m[0m[32m- EX09 - counter0[0m[0m
[0m[[0m[0minfo[0m] [0m[0m[32m- EX10 - counter[0m[0m
[0m[[0m[0minfo[0m] [0m[0m[36mRun completed in 419 milliseconds.[0m[0m
[0m[[0m[0minfo[0m] [0m[0m[36mTotal number of tests run: 10[0m[0m
[0m[[0m[0minfo[0m] [0m[0m[36mSuites: completed 1, aborted 0[0m[0m
[0m[[0m[0minfo[0m] [0m[0m[36mTests: succeeded 10, failed 0, canceled 0, ignored 0, pending 0[0m[0m
[0m[[0m[0minfo[0m] [0m[0m[32mAll tests passed.[0m[0m
[0m[[0m[32msuccess[0m] [0m[0mTotal time: 1 s, completed Sep 24, 2024, 3:44:57 AM[0m
[0m[[0m[0mdebug[0m] [0m[0m> Exec(shell, None, None)[0m
[0m[[0m[0mdebug[0m] [0m[0mForcing garbage collection...[0m
